/home/comp/BEMOSS3.5/GUI/bemoss_install_v3.5.sh
/home/comp/BEMOSS3.5/GUI
/home/comp/BEMOSS3.5
Hit:1 http://us.archive.ubuntu.com/ubuntu artful InRelease
Hit:2 http://us.archive.ubuntu.com/ubuntu artful-updates InRelease
Hit:3 http://us.archive.ubuntu.com/ubuntu artful-backports InRelease
Get:4 http://security.ubuntu.com/ubuntu artful-security InRelease [83.2 kB]
Fetched 83.2 kB in 0s (159 kB/s)
Reading package lists...
Reading package lists...
Building dependency tree...
Reading state information...
build-essential is already the newest version (12.4ubuntu1).
g++ is already the newest version (4:7.2.0-1ubuntu1).
gnome-terminal is already the newest version (3.24.2-0ubuntu4).
libevent-dev is already the newest version (2.1.8-stable-4).
libffi-dev is already the newest version (3.2.1-6).
libxslt1-dev is already the newest version (1.1.29-2.1ubuntu1).
python-dev is already the newest version (2.7.14-2ubuntu1).
python-psycopg2 is already the newest version (2.7.3-1).
python-tk is already the newest version (2.7.14-1).
python-pip is already the newest version (9.0.1-2).
python-zmq is already the newest version (16.0.2-2build2).
git is already the newest version (1:2.14.1-1ubuntu4.1).
libpq-dev is already the newest version (9.6.9-0ubuntu0.17.10).
libssl-dev is already the newest version (1.0.2g-1ubuntu13.6).
libxml2-dev is already the newest version (2.9.4+dfsg1-4ubuntu1.2).
openssl is already the newest version (1.0.2g-1ubuntu13.6).
0 upgraded, 0 newly installed, 0 to remove and 198 not upgraded.
Creating virtual Python environment
Downloading virtualenv 15.1.0
New python executable in /home/comp/BEMOSS3.5/env/bin/python2.7
Also creating executable in /home/comp/BEMOSS3.5/env/bin/python
Installing setuptools, pip, wheel...done.
Installing required packages
+ pip install --install-option --zmq=bundled --no-deps pyzmq>=14.7,<15
/home/comp/BEMOSS3.5/env/local/lib/python2.7/site-packages/pip/_internal/commands/install.py:199: UserWarning: Disabling all use of wheels due to the use of --build-options / --global-options / --install-options.
  cmdoptions.check_install_build_global(options)
Collecting pyzmq<15,>=14.7
  Using cached https://files.pythonhosted.org/packages/8c/dd/fa50d34f3698058298e0d3d2817a25b491928e7fedfdf9e1c7e9d47c2d57/pyzmq-14.7.0.tar.gz
Skipping bdist_wheel for pyzmq, due to binaries being disabled for it.
Installing collected packages: pyzmq
  Running setup.py install for pyzmq: started
    Running setup.py install for pyzmq: finished with status 'done'
Successfully installed pyzmq-14.7.0
+ pip install --editable . --requirement ./requirements.txt
Obtaining file:///home/comp/BEMOSS3.5
Collecting pytz (from -r ./requirements.txt (line 1))
  Using cached https://files.pythonhosted.org/packages/30/4e/27c34b62430286c6d59177a0842ed90dc789ce5d1ed740887653b898779a/pytz-2018.5-py2.py3-none-any.whl
Collecting python-dateutil<3,>=2 (from -r ./requirements.txt (line 2))
  Using cached https://files.pythonhosted.org/packages/cf/f5/af2b09c957ace60dcfac112b669c45c8c97e32f94aa8b56da4c6d1682825/python_dateutil-2.7.3-py2.py3-none-any.whl
Collecting requests<3,>=2.2 (from -r ./requirements.txt (line 3))
  Using cached https://files.pythonhosted.org/packages/65/47/7e02164a2a3db50ed6d8a6ab1d6d60b69c4c3fdf57a284257925dfc12bda/requests-2.19.1-py2.py3-none-any.whl
Collecting psutil (from -r ./requirements.txt (line 4))
Collecting ply (from -r ./requirements.txt (line 5))
  Using cached https://files.pythonhosted.org/packages/a3/58/35da89ee790598a0700ea49b2a66594140f44dec458c07e8e3d4979137fc/ply-3.11-py2.py3-none-any.whl
Requirement already satisfied: pyzmq<15,>=14.7 in ./env/lib/python2.7/site-packages (from volttron==3.5.0) (14.7.0)
Collecting BACpypes==0.13.2 (from volttron==3.5.0)
  Using cached https://files.pythonhosted.org/packages/73/0a/30a5be887c1503f4070aae52df625ff5cbf8b0dbd7bf85bce4841195c91e/bacpypes-0.13.2-py2-none-any.whl
Collecting gevent<2,>=0.13 (from volttron==3.5.0)
  Using cached https://files.pythonhosted.org/packages/34/f7/0bdf6205d8ecbbfc1d2a4611a0b19e75ce00f622d0cb23852c4c15fb8ce5/gevent-1.3.5-cp27-cp27mu-manylinux1_x86_64.whl
Collecting monotonic (from volttron==3.5.0)
  Using cached https://files.pythonhosted.org/packages/ac/aa/063eca6a416f397bd99552c534c6d11d57f58f2e94c14780f3bbf818c4cf/monotonic-1.5-py2.py3-none-any.whl
Collecting pymodbus<2,>=1.2 (from volttron==3.5.0)
  Using cached https://files.pythonhosted.org/packages/6b/53/88ec7241df74c1147a9da73672ebedd8df6b426bae29acb5b53b4ef3e558/pymodbus-1.5.2-py2.py3-none-any.whl
Requirement already satisfied: setuptools in ./env/lib/python2.7/site-packages (from volttron==3.5.0) (40.0.0)
Collecting simplejson<4,>=3.3 (from volttron==3.5.0)
Collecting Smap==2.0.24c780d (from volttron==3.5.0)
Requirement already satisfied: wheel<2,>=0.24 in ./env/lib/python2.7/site-packages (from volttron==3.5.0) (0.31.1)
Collecting six>=1.5 (from python-dateutil<3,>=2->-r ./requirements.txt (line 2))
  Using cached https://files.pythonhosted.org/packages/67/4b/141a581104b1f6397bfa78ac9d43d8ad29a7ca43ea90a2d863fe3056e86a/six-1.11.0-py2.py3-none-any.whl
Collecting idna<2.8,>=2.5 (from requests<3,>=2.2->-r ./requirements.txt (line 3))
  Using cached https://files.pythonhosted.org/packages/4b/2a/0276479a4b3caeb8a8c1af2f8e4355746a97fab05a372e4a2c6a6b876165/idna-2.7-py2.py3-none-any.whl
Collecting certifi>=2017.4.17 (from requests<3,>=2.2->-r ./requirements.txt (line 3))
  Using cached https://files.pythonhosted.org/packages/7c/e6/92ad559b7192d846975fc916b65f667c7b8c3a32bea7372340bfe9a15fa5/certifi-2018.4.16-py2.py3-none-any.whl
Collecting chardet<3.1.0,>=3.0.2 (from requests<3,>=2.2->-r ./requirements.txt (line 3))
  Using cached https://files.pythonhosted.org/packages/bc/a9/01ffebfb562e4274b6487b4bb1ddec7ca55ec7510b22e4c51f14098443b8/chardet-3.0.4-py2.py3-none-any.whl
Collecting urllib3<1.24,>=1.21.1 (from requests<3,>=2.2->-r ./requirements.txt (line 3))
  Using cached https://files.pythonhosted.org/packages/bd/c9/6fdd990019071a4a32a5e7cb78a1d92c53851ef4f56f62a3486e6a7d8ffb/urllib3-1.23-py2.py3-none-any.whl
Collecting greenlet>=0.4.13; platform_python_implementation == "CPython" (from gevent<2,>=0.13->volttron==3.5.0)
  Using cached https://files.pythonhosted.org/packages/7e/4a/de7c8b50bf0e80ef1fbe8963413e0b6993425783391988d8d442f65dd0e0/greenlet-0.4.14-cp27-cp27mu-manylinux1_x86_64.whl
Collecting pyserial>=2.6 (from pymodbus<2,>=1.2->volttron==3.5.0)
  Using cached https://files.pythonhosted.org/packages/0d/e4/2a744dd9e3be04a0c0907414e2a01a7c88bb3915cbe3c8cc06e209f59c30/pyserial-3.4-py2.py3-none-any.whl
Collecting avro (from Smap==2.0.24c780d->volttron==3.5.0)
Collecting configobj (from Smap==2.0.24c780d->volttron==3.5.0)
Collecting twisted (from Smap==2.0.24c780d->volttron==3.5.0)
Collecting PyHamcrest>=1.9.0 (from twisted->Smap==2.0.24c780d->volttron==3.5.0)
  Using cached https://files.pythonhosted.org/packages/9a/d5/d37fd731b7d0e91afcc84577edeccf4638b4f9b82f5ffe2f8b62e2ddc609/PyHamcrest-1.9.0-py2.py3-none-any.whl
Collecting zope.interface>=4.4.2 (from twisted->Smap==2.0.24c780d->volttron==3.5.0)
Collecting hyperlink>=17.1.1 (from twisted->Smap==2.0.24c780d->volttron==3.5.0)
  Using cached https://files.pythonhosted.org/packages/a7/b6/84d0c863ff81e8e7de87cff3bd8fd8f1054c227ce09af1b679a8b17a9274/hyperlink-18.0.0-py2.py3-none-any.whl
Collecting Automat>=0.3.0 (from twisted->Smap==2.0.24c780d->volttron==3.5.0)
  Using cached https://files.pythonhosted.org/packages/a3/86/14c16bb98a5a3542ed8fed5d74fb064a902de3bdd98d6584b34553353c45/Automat-0.7.0-py2.py3-none-any.whl
Collecting attrs>=17.4.0 (from twisted->Smap==2.0.24c780d->volttron==3.5.0)
  Using cached https://files.pythonhosted.org/packages/41/59/cedf87e91ed541be7957c501a92102f9cc6363c623a7666d69d51c78ac5b/attrs-18.1.0-py2.py3-none-any.whl
Collecting incremental>=16.10.1 (from twisted->Smap==2.0.24c780d->volttron==3.5.0)
  Using cached https://files.pythonhosted.org/packages/f5/1d/c98a587dc06e107115cf4a58b49de20b19222c83d75335a192052af4c4b7/incremental-17.5.0-py2.py3-none-any.whl
Collecting constantly>=15.1 (from twisted->Smap==2.0.24c780d->volttron==3.5.0)
  Using cached https://files.pythonhosted.org/packages/b9/65/48c1909d0c0aeae6c10213340ce682db01b48ea900a7d9fce7a7910ff318/constantly-15.1.0-py2.py3-none-any.whl
Installing collected packages: pytz, six, python-dateutil, idna, certifi, chardet, urllib3, requests, psutil, ply, BACpypes, greenlet, gevent, monotonic, pyserial, pymodbus, simplejson, avro, configobj, PyHamcrest, zope.interface, hyperlink, attrs, Automat, incremental, constantly, twisted, Smap, volttron
  Running setup.py develop for volttron
Successfully installed Automat-0.7.0 BACpypes-0.13.2 PyHamcrest-1.9.0 Smap-2.0.24c780d attrs-18.1.0 avro-1.8.2 certifi-2018.4.16 chardet-3.0.4 configobj-5.0.6 constantly-15.1.0 gevent-1.3.5 greenlet-0.4.14 hyperlink-18.0.0 idna-2.7 incremental-17.5.0 monotonic-1.5 ply-3.11 psutil-5.4.6 pymodbus-1.5.2 pyserial-3.4 python-dateutil-2.7.3 pytz-2018.5 requests-2.19.1 simplejson-3.16.0 six-1.11.0 twisted-18.7.0 urllib3-1.23 volttron zope.interface-4.5.0
volttron successfully installed
Collecting gevent==1.2.2 (from -r BEMOSS_requirements.txt (line 1))
  Using cached https://files.pythonhosted.org/packages/74/fe/1d681dc31f61cb95fcc55e9c3baf7117e52db78270aa1bf169262f86707e/gevent-1.2.2-cp27-cp27mu-manylinux1_x86_64.whl
Collecting blist==1.3.6 (from -r BEMOSS_requirements.txt (line 2))
Collecting decorator==4.0.9 (from -r BEMOSS_requirements.txt (line 3))
  Using cached https://files.pythonhosted.org/packages/7d/ca/493b2377bf42d57bdd985c31975be3d2b500ad9079199cecb7633e8e2cde/decorator-4.0.9-py2.py3-none-any.whl
Collecting dnspython==1.12.0 (from -r BEMOSS_requirements.txt (line 4))
Collecting django==1.10 (from -r BEMOSS_requirements.txt (line 5))
  Using cached https://files.pythonhosted.org/packages/4b/4c/059f68d8f029f7054e4e6bb0b1ed2fde7f28d07a3727325727d5a95ae1b8/Django-1.10-py2.py3-none-any.whl
Collecting django-filter (from -r BEMOSS_requirements.txt (line 6))
Collecting djangorestframework==3.5.4 (from -r BEMOSS_requirements.txt (line 7))
  Using cached https://files.pythonhosted.org/packages/9a/9e/368b8e0592296985ab5a76a366d020bafcd0688cd2fe4f0acb597e509cc3/djangorestframework-3.5.4-py2.py3-none-any.whl
Collecting futures==3.0.5 (from -r BEMOSS_requirements.txt (line 8))
  Using cached https://files.pythonhosted.org/packages/9c/3f/1d818ea03fb2956a2bdfa8f8a3b1319590f0f151a5584a8a3ae45085066c/futures-3.0.5-py2-none-any.whl
Collecting lxml==3.2.3 (from -r BEMOSS_requirements.txt (line 9))
  Using cached https://files.pythonhosted.org/packages/6e/77/4807433158439a2d14591bed9b060e5b4ff59e9f8ef2f44e9c8fe996f3b1/lxml-3.2.3.tar.gz
Collecting netifaces==0.10.4 (from -r BEMOSS_requirements.txt (line 10))
Collecting networkx==1.11 (from -r BEMOSS_requirements.txt (line 11))
  Using cached https://files.pythonhosted.org/packages/d3/2c/e473e54afc9fae58dfa97066ef6709a7e35a1dd1c28c5a3842989322be00/networkx-1.11-py2.py3-none-any.whl
Collecting nose==1.3.3 (from -r BEMOSS_requirements.txt (line 12))
Collecting Pillow==2.9.0 (from -r BEMOSS_requirements.txt (line 13))
Collecting pandas==0.18.1 (from -r BEMOSS_requirements.txt (line 14))
  Using cached https://files.pythonhosted.org/packages/a6/d3/e1a8048402fc0381f2c3094d02bf33fbaf6c778878700bc03eb2f5454785/pandas-0.18.1-cp27-cp27mu-manylinux1_x86_64.whl
Collecting psycopg2==2.6.2 (from -r BEMOSS_requirements.txt (line 15))
Collecting pycrypto==2.6.1 (from -r BEMOSS_requirements.txt (line 16))
Collecting scales==1.0.9 (from -r BEMOSS_requirements.txt (line 18))
Collecting sleekxmpp==1.3.1 (from -r BEMOSS_requirements.txt (line 19))
Collecting spyrk==0.0.3 (from -r BEMOSS_requirements.txt (line 20))
  Using cached https://files.pythonhosted.org/packages/55/fd/387375b91e55592abbd57e545e03b9061b7e8221ab4e6b2f69134b687e68/spyrk-0.0.3-py2.py3-none-any.whl
Collecting tornado==4.4.1 (from -r BEMOSS_requirements.txt (line 21))
Collecting tablib==0.11.2 (from -r BEMOSS_requirements.txt (line 22))
  Using cached https://files.pythonhosted.org/packages/af/4a/e9802db44e8956f2043d681ea36e42e2cb5eaabb21b7982644a139b019b6/tablib-0.11.2-py2.py3-none-any.whl
Collecting wheel==0.24.0 (from -r BEMOSS_requirements.txt (line 23))
  Using cached https://files.pythonhosted.org/packages/e8/14/eaaac12b0432c984a27ad0050a5a0bedc6135df35a0f5f1f35228faf12d4/wheel-0.24.0-py2.py3-none-any.whl
Collecting sklearn==0.0 (from -r BEMOSS_requirements.txt (line 24))
Collecting scipy==0.19.0 (from -r BEMOSS_requirements.txt (line 25))
  Using cached https://files.pythonhosted.org/packages/eb/7e/27b3b9e26cb64e081799546a756059baf285eb886a771e9d26743876ccbb/scipy-0.19.0-cp27-cp27mu-manylinux1_x86_64.whl
Requirement already satisfied: greenlet>=0.4.10 in ./env/lib/python2.7/site-packages (from gevent==1.2.2->-r BEMOSS_requirements.txt (line 1)) (0.4.14)
Requirement already satisfied: pytz>=2011k in ./env/lib/python2.7/site-packages (from pandas==0.18.1->-r BEMOSS_requirements.txt (line 14)) (2018.5)
Collecting numpy>=1.7.0 (from pandas==0.18.1->-r BEMOSS_requirements.txt (line 14))
  Using cached https://files.pythonhosted.org/packages/6a/a9/c01a2d5f7b045f508c8cefef3b079fe8c413d05498ca0ae877cffa230564/numpy-1.14.5-cp27-cp27mu-manylinux1_x86_64.whl
Requirement already satisfied: python-dateutil in ./env/lib/python2.7/site-packages (from pandas==0.18.1->-r BEMOSS_requirements.txt (line 14)) (2.7.3)
Requirement already satisfied: six in ./env/lib/python2.7/site-packages (from scales==1.0.9->-r BEMOSS_requirements.txt (line 18)) (1.11.0)
Collecting hammock (from spyrk==0.0.3->-r BEMOSS_requirements.txt (line 20))
Requirement already satisfied: certifi in ./env/lib/python2.7/site-packages (from tornado==4.4.1->-r BEMOSS_requirements.txt (line 21)) (2018.4.16)
Collecting singledispatch (from tornado==4.4.1->-r BEMOSS_requirements.txt (line 21))
  Using cached https://files.pythonhosted.org/packages/c5/10/369f50bcd4621b263927b0a1519987a04383d4a98fb10438042ad410cf88/singledispatch-3.4.0.3-py2.py3-none-any.whl
Collecting backports-abc>=0.4 (from tornado==4.4.1->-r BEMOSS_requirements.txt (line 21))
  Using cached https://files.pythonhosted.org/packages/7d/56/6f3ac1b816d0cd8994e83d0c4e55bc64567532f7dc543378bd87f81cebc7/backports_abc-0.5-py2.py3-none-any.whl
Collecting scikit-learn (from sklearn==0.0->-r BEMOSS_requirements.txt (line 24))
  Using cached https://files.pythonhosted.org/packages/bc/67/370aa248f54769a56216707ad7b9af19745e85a603fafa47bde353f327fb/scikit_learn-0.19.2-cp27-cp27mu-manylinux1_x86_64.whl
Requirement already satisfied: requests>=1.1.0 in ./env/lib/python2.7/site-packages (from hammock->spyrk==0.0.3->-r BEMOSS_requirements.txt (line 20)) (2.19.1)
Requirement already satisfied: idna<2.8,>=2.5 in ./env/lib/python2.7/site-packages (from requests>=1.1.0->hammock->spyrk==0.0.3->-r BEMOSS_requirements.txt (line 20)) (2.7)
Requirement already satisfied: chardet<3.1.0,>=3.0.2 in ./env/lib/python2.7/site-packages (from requests>=1.1.0->hammock->spyrk==0.0.3->-r BEMOSS_requirements.txt (line 20)) (3.0.4)
Requirement already satisfied: urllib3<1.24,>=1.21.1 in ./env/lib/python2.7/site-packages (from requests>=1.1.0->hammock->spyrk==0.0.3->-r BEMOSS_requirements.txt (line 20)) (1.23)
Building wheels for collected packages: lxml
  Running setup.py bdist_wheel for lxml: started
